Arguments: 
  C:\Program Files\nodejs\node.exe C:\Users\gjsis\AppData\Roaming\npm\node_modules\yarn\bin\yarn.js add gatsby-plugin-alias-imports

PATH: 
  C:\Users\gjsis\bin;C:\Program Files\Git\mingw64\bin;C:\Program Files\Git\usr\local\bin;C:\Program Files\Git\usr\bin;C:\Program Files\Git\usr\bin;C:\Program Files\Git\mingw64\bin;C:\Program Files\Git\usr\bin;C:\Users\gjsis\bin;C:\Python27;C:\Python27\Scripts;C:\DADDY\DEV_TOOLS\PYTHON39\Scripts;C:\DADDY\DEV_TOOLS\PYTHON39;C:\Program Files (x86)\Intel\iCLS Client;C:\Program Files\Intel\iCLS Client;C:\windows\system32;C:\windows;C:\windows\System32\Wbem;C:\windows\System32\WindowsPowerShell\v1.0;C:\Program Files (x86)\Intel\Intel(R) Management Engine Components\DAL;C:\Program Files\Intel\Intel(R) Management Engine Components\DAL;C:\Program Files (x86)\Intel\Intel(R) Management Engine Components\IPT;C:\Program Files\Intel\Intel(R) Management Engine Components\IPT;C:\WINDOWS\system32;C:\WINDOWS;C:\WINDOWS\System32\Wbem;C:\WINDOWS\System32\WindowsPowerShell\v1.0;C:\WINDOWS\System32\OpenSSH;C:\Program Files\NVIDIA Corporation\NVIDIA NvDLISR;C:\ProgramData\chocolatey\bin;C:\Program Files\OpenJDK\openjdk-8u275-b01\bin;C:\Program Files\nodejs;C:\Program Files\Git\cmd;C:\Program Files\Git\mingw64\bin;C:\Program Files\Git\usr\bin;C:\DADDY\DEV_TOOLS\laragon\bin\php\php-7.4.13-Win32-vc15-x64;C:\ProgramData\ComposerSetup\bin;C:\Program Files\Docker\Docker\resources\bin;C:\ProgramData\DockerDesktop\version-bin;C:\Program Files (x86)\NVIDIA Corporation\PhysX\Common;C:\DADDY\DEV_TOOLS\HashiCorp\Vagrant\bin;C:\DADDY\DEV_TOOLS\Graphviz\bin;C:\Users\gjsis\AppData\Local\Microsoft\WindowsApps;C:\Users\gjsis\AppData\Roaming\npm;C:\Users\gjsis\AppData\Local\Android\Sdk\platform-tools;C:\Users\gjsis\AppData\Local\GitHubDesktop\bin;C:\DADDY\DEV_TOOLS\Microsoft VS Code\bin;C:\DADDY\DEV_TOOLS\PostgreSQL\11\bin;C:\Users\gjsis\AppData\Roaming\Composer\vendor\bin;C:\DADDY\DEV_TOOLS\heroku\bin;C:\Users\gjsis\AppData\Local\hyper\app-3.0.2\resources\bin;C:\Program Files (x86)\Nmap;C:\Program Files (x86)\GitHub CLI;C:\Program Files\Git\usr\bin\vendor_perl;C:\Program Files\Git\usr\bin\core_perl

Yarn version: 
  1.22.10

Node version: 
  15.3.0

Platform: 
  win32 x64

Trace: 
  Error: EPERM: operation not permitted, unlink 'C:\Users\gjsis\risurina\risurina.github.io\node_modules\sharp\build\Release\libglib-2.0-0.dll'

npm manifest: 
  {
    "name": "risurina",
    "version": "1.0.0",
    "private": true,
    "description": "My portfolio",
    "author": "Ronnie Isurina",
    "keywords": [
      "risurina",
      "ronnie",
      "isurina",
      "portfolio"
    ],
    "scripts": {
      "develop": "gatsby develop",
      "start": "gatsby develop",
      "build": "gatsby build",
      "serve": "gatsby serve",
      "clean": "gatsby clean"
    },
    "dependencies": {
      "gatsby": "^2.26.1",
      "gatsby-image": "^2.11.0",
      "gatsby-plugin-google-analytics": "^2.11.0",
      "gatsby-plugin-offline": "^3.10.0",
      "gatsby-plugin-postcss": "^3.7.0",
      "gatsby-plugin-react-helmet": "^3.10.0",
      "gatsby-plugin-sharp": "^2.14.0",
      "gatsby-plugin-sitemap": "^2.12.0",
      "gatsby-source-filesystem": "^2.11.0",
      "gatsby-transformer-sharp": "^2.12.0",
      "postcss": "^8.2.4",
      "react": "^16.13.1",
      "react-dom": "^16.13.1",
      "react-helmet": "^6.1.0"
    },
    "devDependencies": {
      "autoprefixer": "^10.2.4",
      "tailwindcss": "^2.0.2"
    }
  }

yarn manifest: 
  No manifest

Lockfile: 
  No lockfile
